<?xml version="1.0" encoding="UTF-8"?>
<testng-results ignored="0" total="1" passed="1" failed="0" skipped="0">
  <reporter-output>
    <line>
      <![CDATA[Browser Opened]]>
    </line>
  </reporter-output>
  <suite started-at="2018-03-07T05:11:50Z" name="Default suite" finished-at="2018-03-07T05:12:38Z" duration-ms="47576">
    <groups>
    </groups>
    <test started-at="2018-03-07T05:11:50Z" name="Default test" finished-at="2018-03-07T05:12:38Z" duration-ms="47576">
      <class name="testCase.TC_JOOMLA_ARTICLE_003_VerifyUserCanPublishAnUnpublishedArticle">
        <test-method is-config="true" signature="beforeMethod(java.lang.String, java.lang.String, java.lang.String)[pri:0, instance:testCase.TC_JOOMLA_ARTICLE_003_VerifyUserCanPublishAnUnpublishedArticle@4e268090]" started-at="2018-03-07T12:11:50Z" name="beforeMethod" finished-at="2018-03-07T12:11:53Z" duration-ms="2756" status="PASS">
          <params>
            <param index="0">
              <value>
                <![CDATA[ie]]>
              </value>
            </param>
            <param index="1">
              <value>
                <![CDATA[15]]>
              </value>
            </param>
            <param index="2">
              <value>
                <![CDATA[http://192.168.188.150/joomla/administrator/]]>
              </value>
            </param>
          </params>
          <reporter-output>
            <line>
              <![CDATA[Browser Opened]]>
            </line>
          </reporter-output>
        </test-method> <!-- beforeMethod -->
        <test-method signature="Login()[pri:0, instance:testCase.TC_JOOMLA_ARTICLE_003_VerifyUserCanPublishAnUnpublishedArticle@4e268090]" started-at="2018-03-07T12:11:53Z" name="Login" finished-at="2018-03-07T12:12:37Z" duration-ms="44260" status="PASS">
          <reporter-output>
          </reporter-output>
        </test-method> <!-- Login -->
        <test-method is-config="true" signature="afterMethod()[pri:0, instance:testCase.TC_JOOMLA_ARTICLE_003_VerifyUserCanPublishAnUnpublishedArticle@4e268090]" started-at="2018-03-07T12:12:37Z" name="afterMethod" finished-at="2018-03-07T12:12:38Z" duration-ms="536" status="PASS">
          <reporter-output>
          </reporter-output>
        </test-method> <!-- afterMethod -->
      </class> <!-- testCase.TC_JOOMLA_ARTICLE_003_VerifyUserCanPublishAnUnpublishedArticle -->
    </test> <!-- Default test -->
  </suite> <!-- Default suite -->
</testng-results>
